#
# A fatal error has been detected by the Java Runtime Environment:
#
#  Internal Error (javaClasses.cpp:129), pid=21592, tid=7128
#  fatal error: Invalid layout of preloaded class
#
# JRE version: 7.0_10-b18
# Java VM: Java HotSpot(TM) 64-Bit Server VM (23.6-b04 mixed mode windows-amd64 compressed oops)
# Failed to write core dump. Minidumps are not enabled by default on client versions of Windows
#
# If you would like to submit a bug report, please visit:
#   http://bugreport.sun.com/bugreport/crash.jsp
#

---------------  T H R E A D  ---------------

Current thread (0x0000000001c4c800):  JavaThread "Unknown thread" [_thread_in_vm, id=7128, stack(0x0000000002360000,0x0000000002460000)]

Stack: [0x0000000002360000,0x0000000002460000]

---------------  P R O C E S S  ---------------

Java Threads: ( => current thread )

Other Threads:

=>0x0000000001c4c800 (exited) JavaThread "Unknown thread" [_thread_in_vm, id=7128, stack(0x0000000002360000,0x0000000002460000)]

VM state:not at safepoint (not fully initialized)

VM Mutex/Monitor currently owned by a thread: None

GC Heap History (0 events):
No events

Deoptimization events (0 events):
No events

Internal exceptions (0 events):
No events

Events (10 events):
Event: 0.013 loading class 0x0000000001ccffc0 done
Event: 0.014 loading class 0x0000000001c92400 done
Event: 0.014 loading class 0x0000000001c923d0
Event: 0.015 loading class 0x0000000001cdd640
Event: 0.015 loading class 0x0000000001cdd640 done
Event: 0.015 loading class 0x0000000001cdd680
Event: 0.015 loading class 0x0000000001cdd680 done
Event: 0.015 loading class 0x0000000008a0c940
Event: 0.015 loading class 0x0000000008a0c940 done
Event: 0.015 loading class 0x0000000001c923d0 done


Dynamic libraries:
0x000000013f3f0000 - 0x000000013f423000 	C:\Program Files\Java\jre7\bin\javaw.exe
0x00000000771f0000 - 0x000000007739b000 	C:\Windows\SYSTEM32\ntdll.dll
0x00000000770d0000 - 0x00000000771ef000 	C:\Windows\system32\kernel32.dll
0x000007fefd340000 - 0x000007fefd3ab000 	C:\Windows\system32\KERNELBASE.dll
0x000007fefd9a0000 - 0x000007fefda7b000 	C:\Windows\system32\ADVAPI32.dll
0x000007feff010000 - 0x000007feff0af000 	C:\Windows\system32\msvcrt.dll
0x000007fefdcc0000 - 0x000007fefdcdf000 	C:\Windows\SYSTEM32\sechost.dll
0x000007fefdb20000 - 0x000007fefdc4e000 	C:\Windows\system32\RPCRT4.dll
0x0000000076fd0000 - 0x00000000770ca000 	C:\Windows\system32\USER32.dll
0x000007fefdc50000 - 0x000007fefdcb7000 	C:\Windows\system32\GDI32.dll
0x000007fefd780000 - 0x000007fefd78e000 	C:\Windows\system32\LPK.dll
0x000007fefdeb0000 - 0x000007fefdf7a000 	C:\Windows\system32\USP10.dll
0x000007fefbbe0000 - 0x000007fefbdd4000 	C:\Windows\WinSxS\amd64_microsoft.windows.common-controls_6595b64144ccf1df_6.0.7600.16385_none_fa645303170382f6\COMCTL32.dll
0x000007feff450000 - 0x000007feff4c1000 	C:\Windows\system32\SHLWAPI.dll
0x000007feff4d0000 - 0x000007feff4fe000 	C:\Windows\system32\IMM32.DLL
0x000007feff0b0000 - 0x000007feff1b9000 	C:\Windows\system32\MSCTF.dll
0x000000006ba70000 - 0x000000006bb41000 	C:\Program Files\Java\jre7\bin\msvcr100.dll
0x0000000067bd0000 - 0x00000000682ef000 	C:\Program Files\Java\jre7\bin\server\jvm.dll
0x000007fefb940000 - 0x000007fefb949000 	C:\Windows\system32\WSOCK32.dll
0x000007fefefc0000 - 0x000007feff00d000 	C:\Windows\system32\WS2_32.dll
0x000007fefd790000 - 0x000007fefd798000 	C:\Windows\system32\NSI.dll
0x000007fefb4e0000 - 0x000007fefb51b000 	C:\Windows\system32\WINMM.dll
0x00000000773b0000 - 0x00000000773b7000 	C:\Windows\system32\PSAPI.DLL
0x0000000072f00000 - 0x0000000072f0f000 	C:\Program Files\Java\jre7\bin\verify.dll
0x000000006dcc0000 - 0x000000006dce8000 	C:\Program Files\Java\jre7\bin\java.dll
0x000000006dd00000 - 0x000000006dd15000 	C:\Program Files\Java\jre7\bin\zip.dll

VM Arguments:
jvm_args: -Dfile.encoding=Cp1252 -Xbootclasspath:C:\Users\Mardaloescu\Desktop\BarelyImportant\sdk\platforms\android-18\android.jar 
java_command: com.example.thedarksideofthesubway.MatrixMadness
Launcher Type: SUN_STANDARD

Environment Variables:
PATH=C:\Program Files (x86)\Haskell\bin;C:\Program Files (x86)\Haskell Platform\2013.2.0.0\lib\extralibs\bin;C:\Program Files (x86)\Haskell Platform\2013.2.0.0\bin;C:\Program Files (x86)\AMD APP\bin\x86_64;C:\Program Files (x86)\AMD APP\bin\x86;C:\Windows\system32;C:\Windows;C:\Windows\System32\Wbem;C:\Windows\System32\WindowsPowerShell\v1.0\;C:\Program Files (x86)\ATI Technologies\ATI.ACE\Core-Static;C:\MinGW\bin;C:\MinGW\msys\1.0\bin;C:\Program Files (x86)\GUI Turbo Assembler\BIN;C:\Program Files (x86)\sbt\;C:\Program Files (x86)\Haskell Platform\2013.2.0.0\mingw\bin;C:\Users\Mardaloescu\AppData\Roaming\cabal\bin
USERNAME=Mardaloescu
OS=Windows_NT
PROCESSOR_IDENTIFIER=Intel64 Family 6 Model 42 Stepping 7, GenuineIntel



---------------  S Y S T E M  ---------------

OS: Windows 7 , 64 bit Build 7600 

CPU:total 4 (2 cores per cpu, 2 threads per core) family 6 model 42 stepping 7, cmov, cx8, fxsr, mmx, sse, sse2, sse3, ssse3, sse4.1, sse4.2, popcnt, ht, tsc, tscinvbit

Memory: 4k page, physical 4127088k(1069108k free), swap 8252280k(3863808k free)

vm_info: Java HotSpot(TM) 64-Bit Server VM (23.6-b04) for windows-amd64 JRE (1.7.0_10-b18), built on Nov 28 2012 05:00:40 by "java_re" with unknown MS VC++:1600

time: Sun Oct 20 03:57:44 2013
elapsed time: 0 seconds

